
Showing logs for build [32mcb-kubecd-bdd-gh-1597931473-pr-b87jv-1[0m stage [32mfrom-build-pack[0m and container [32mstep-credential-initializer-jqmbx[0m
{"level":"info","ts":1597932401.7835033,"logger":"fallback-logger","caller":"logging/config.go:69","msg":"Fetch GitHub commit ID from kodata failed: open /var/run/ko/refs/heads/0.8.0-ns-support: no such file or directory"}
{"level":"info","ts":1597932401.7840261,"logger":"fallback-logger","caller":"creds-init/main.go:40","msg":"Credentials initialized."}

Showing logs for build [32mcb-kubecd-bdd-gh-1597931473-pr-b87jv-1[0m stage [32mfrom-build-pack[0m and container [32mstep-working-dir-initializer-pfdsb[0m
{"level":"info","ts":1597932402.795726,"logger":"fallback-logger","caller":"logging/config.go:69","msg":"Fetch GitHub commit ID from kodata failed: open /var/run/ko/HEAD: no such file or directory"}
{"level":"info","ts":1597932402.7967632,"logger":"fallback-logger","caller":"bash/main.go:64","msg":"Successfully executed command \"sh -c mkdir -p /workspace/source\"; output "}

Showing logs for build [32mcb-kubecd-bdd-gh-1597931473-pr-b87jv-1[0m stage [32mfrom-build-pack[0m and container [32mstep-place-tools[0m

Showing logs for build [32mcb-kubecd-bdd-gh-1597931473-pr-b87jv-1[0m stage [32mfrom-build-pack[0m and container [32mstep-git-source-cb-kubecd-bdd-gh-1597931473-pr-b87jv-ss2tb[0m
{"level":"info","ts":1597932426.8804762,"logger":"fallback-logger","caller":"logging/config.go:69","msg":"Fetch GitHub commit ID from kodata failed: open /var/run/ko/refs/heads/0.8.0-ns-support: no such file or directory"}
{"level":"info","ts":1597932427.9558764,"logger":"fallback-logger","caller":"git/git.go:103","msg":"Successfully cloned https://github.com/cb-kubecd/bdd-gh-1597931473.git @ master in path /workspace/source"}

Showing logs for build [32mcb-kubecd-bdd-gh-1597931473-pr-b87jv-1[0m stage [32mfrom-build-pack[0m and container [32mstep-setup-builder-home[0m

Showing logs for build [32mcb-kubecd-bdd-gh-1597931473-pr-b87jv-1[0m stage [32mfrom-build-pack[0m and container [32mstep-git-merge[0m
Using SHAs from PULL_REFS=master:431adfd203b5a21e1a11f90115f4d60eb86f990c,1:ea4175a96d2913cbdea9bb49db58a004d97bfe47
DEBUG: LC_ALL=C JX_LOG_LEVEL=error git fetch origin --unshallow ea4175a96d2913cbdea9bb49db58a004d97bfe47: 431adfd203b5a21e1a11f90115f4d60eb86f990c:
DEBUG: ran git fetch --unshallow origin ea4175a96d2913cbdea9bb49db58a004d97bfe47: 431adfd203b5a21e1a11f90115f4d60eb86f990c: in 
DEBUG: LC_ALL=C JX_LOG_LEVEL=error git branch
DEBUG: LC_ALL=C JX_LOG_LEVEL=error git checkout master
DEBUG: ran git checkout master in 
DEBUG: LC_ALL=C JX_LOG_LEVEL=error git reset --hard 431adfd203b5a21e1a11f90115f4d60eb86f990c
DEBUG: ran git reset --hard 431adfd203b5a21e1a11f90115f4d60eb86f990c in 
DEBUG: LC_ALL=C JX_LOG_LEVEL=error git clean -fd .
DEBUG: ran clean --force -d . in 
DEBUG: LC_ALL=C JX_LOG_LEVEL=error git merge ea4175a96d2913cbdea9bb49db58a004d97bfe47
DEBUG: ran git merge ea4175a96d2913cbdea9bb49db58a004d97bfe47 in 
DEBUG: JX_LOG_LEVEL=error LC_ALL=C git log --format=%H%x1f%an%x1f%ae%x1f%cn%x1f%ce%x1f%s%n%b%x1e 431adfd203b5a21e1a11f90115f4d60eb86f990c..HEAD
Merged SHA ea4175a96d2913cbdea9bb49db58a004d97bfe47 with commit message 'My first PR commit' into base branch master

Showing logs for build [32mcb-kubecd-bdd-gh-1597931473-pr-b87jv-1[0m stage [32mfrom-build-pack[0m and container [32mstep-build-make-linux[0m
CGO_ENABLED=0 GOOS=linux GOARCH=amd64 GO15VENDOREXPERIMENT=1 go build -ldflags '' -o bin/bdd-gh-1597931473 main.go

Showing logs for build [32mcb-kubecd-bdd-gh-1597931473-pr-b87jv-1[0m stage [32mfrom-build-pack[0m and container [32mstep-build-container-build[0m
ERROR: logging before flag.Parse: E0820 14:07:14.678145      10 metadata.go:241] Failed to unmarshal scopes: json: cannot unmarshal string into Go value of type []string
[36mINFO[0m[0000] Resolved base name scratch to scratch        
[36mINFO[0m[0000] Using dockerignore file: /workspace/source/.dockerignore 
[36mINFO[0m[0000] Resolved base name scratch to scratch        
[36mINFO[0m[0000] Built cross stage deps: map[]                
[36mINFO[0m[0000] No base image, nothing to extract            
[36mINFO[0m[0000] cmd: EXPOSE                                  
[36mINFO[0m[0000] Adding exposed port: 8080/tcp                
[36mINFO[0m[0000] Checking for cached layer gcr.io/jenkins-x-labs-bdd/cache:6e804943fcc6133dd4b8a497fdc767cd0fd96e3238e56810e9d3bb18c092c5cf... 
[36mINFO[0m[0001] Using caching version of cmd: COPY ./bin/ /  
[36mINFO[0m[0001] Skipping unpacking as no commands require it. 
[36mINFO[0m[0001] Taking snapshot of full filesystem...        
[36mINFO[0m[0001] Resolving paths                              
[36mINFO[0m[0001] EXPOSE 8080                                  
[36mINFO[0m[0001] cmd: EXPOSE                                  
[36mINFO[0m[0001] Adding exposed port: 8080/tcp                
[36mINFO[0m[0001] No files changed in this command, skipping snapshotting. 
[36mINFO[0m[0001] ENTRYPOINT ["/bdd-gh-1597931473"]            
[36mINFO[0m[0001] No files changed in this command, skipping snapshotting. 
[36mINFO[0m[0001] COPY ./bin/ /                                
[36mINFO[0m[0001] Found cached layer, extracting to filesystem 

Showing logs for build [32mcb-kubecd-bdd-gh-1597931473-pr-b87jv-1[0m stage [32mfrom-build-pack[0m and container [32mstep-promote-make-preview[0m
sed -i -e "s/version:.*/version: 0.0.0-SNAPSHOT-PR-1-1/" Chart.yaml
sed -i -e "s/version:.*/version: 0.0.0-SNAPSHOT-PR-1-1/" ../*/Chart.yaml
sed -i -e "s|repository:.*|repository: gcr.io\/jenkins-x-labs-bdd\/bdd-gh-1597931473|" values.yaml
sed -i -e "s/tag:.*/tag: 0.0.0-SNAPSHOT-PR-1-1/" values.yaml
echo "  version: 0.0.0-SNAPSHOT-PR-1-1" >> requirements.yaml
** step helm build
WARNING: No $CHART_REPOSITORY defined so using the default value of: http://jenkins-x-chartmuseum:8080
Adding missing Helm repo: storage.googleapis.com https://storage.googleapis.com/chartmuseum.jenkins-x.io
Successfully added Helm repository storage.googleapis.com.
Adding missing Helm repo: jenkins-x-chartmuseum http://jenkins-x-chartmuseum:8080
Successfully added Helm repository jenkins-x-chartmuseum.
WARNING: No $CHART_REPOSITORY defined so using the default value of: http://jenkins-x-chartmuseum:8080

Showing logs for build [32mcb-kubecd-bdd-gh-1597931473-pr-b87jv-1[0m stage [32mfrom-build-pack[0m and container [32mstep-promote-jx-preview[0m
Creating a preview
Created environment cb-kubecd-bdd-gh-1597931473-pr-1
Namespace **-cb-kubecd-bdd-gh-1597931473-pr-1 created 
expose:
  Annotations:
    helm.sh/hook: post-install,post-upgrade
    helm.sh/hook-delete-policy: hook-succeeded
  config:
    domain: 34.78.171.106.nip.io
    exposer: Ingress
    http: "true"
preview:
  image:
    repository: gcr.io/jenkins-x-labs-bdd/bdd-gh-1597931473
    tag: 0.0.0-SNAPSHOT-PR-1-1
adding helm values file /workspace/source/charts/preview/**-values.yaml for namespace **-cb-kubecd-bdd-gh-1597931473-pr-1
about to run: git clone https://github.com/jenkins-x/**r-versions.git /tmp/096217215/jenkins-x-versions in dir /tmp/096217215
Cloning into '/tmp/096217215/jenkins-x-versions'...
about to run: git fetch origin 0d98e3a342e1a2d95fbdd1811ce47b74804533ad in dir /tmp/096217215/jenkins-x-versions
From https://github.com/jenkins-x/**r-versions
 * branch            0d98e3a342e1a2d95fbdd1811ce47b74804533ad -> FETCH_HEAD
about to run: git branch -r in dir /tmp/096217215/jenkins-x-versions
origin/HEAD -> origin/master
  origin/changes
  origin/gh-pages
  origin/jstrachan-patch-1
  origin/jstrachan-patch-10
  origin/jstrachan-patch-11
  origin/jstrachan-patch-12
  origin/jstrachan-patch-13
  origin/jstrachan-patch-14
  origin/jstrachan-patch-15
  origin/jstrachan-patch-16
  origin/jstrachan-patch-17
  origin/jstrachan-patch-18
  origin/jstrachan-patch-19
  origin/jstrachan-patch-2
  origin/jstrachan-patch-20
  origin/jstrachan-patch-21
  origin/jstrachan-patch-22
  origin/jstrachan-patch-23
  origin/jstrachan-patch-24
  origin/jstrachan-patch-25
  origin/jstrachan-patch-26
  origin/jstrachan-patch-27
  origin/jstrachan-patch-28
  origin/jstrachan-patch-29
  origin/jstrachan-patch-3
  origin/jstrachan-patch-30
  origin/jstrachan-patch-31
  origin/jstrachan-patch-32
  origin/jstrachan-patch-33
  origin/jstrachan-patch-34
  origin/jstrachan-patch-35
  origin/jstrachan-patch-36
  origin/jstrachan-patch-37
  origin/jstrachan-patch-38
  origin/jstrachan-patch-39
  origin/jstrachan-patch-4
  origin/jstrachan-patch-40
  origin/jstrachan-patch-5
  origin/jstrachan-patch-6
  origin/jstrachan-patch-7
  origin/jstrachan-patch-8
  origin/jstrachan-patch-9
  origin/**v3v4
  origin/master
about to run: git checkout FETCH_HEAD in dir /tmp/096217215/jenkins-x-versions
Note: checking out 'FETCH_HEAD'.

You are in 'detached HEAD' state. You can look around, make experimental
changes and commit them, and you can discard any commits you make in this
state without impacting any branches by performing another checkout.

If you want to create a new branch to retain commits you create, you may
do so (now or later) by using -b with the checkout command again. Example:

  git checkout -b <new-branch-name>

HEAD is now at 0d98e3a fix: upgrade **boot-helmfile-resources
about to run: git fetch --tags in dir /tmp/096217215/jenkins-x-versions
about to run: git describe 0d98e3a342e1a2d95fbdd1811ce47b74804533ad --abbrev=0 --contains in dir /tmp/096217215/jenkins-x-versions
fatal: cannot describe '0d98e3a342e1a2d95fbdd1811ce47b74804533ad'
Updating PipelineActivities cb-kubecd-bdd-gh-1597931473-pr-1-1 which has status Running
Preview application is now available at: http://bdd-gh-1597931473-**-cb-kubecd-bdd-gh-1597931473-pr-1.34.78.171.106.nip.io
